2008 Feb 27 01:33:44  Sendmail not responding.
2008 Feb 27 17:55:02  Sendmail not responding.
2008 Mar 08 03:16:12  Sendmail not responding.
2008 Mar 28 13:53:31  Sendmail not responding.
2008 Apr 07 21:55:54  Sendmail not responding.
2008 Apr 08 07:26:42  Sendmail not responding.
2008 Apr 11 05:51:54  Sendmail not responding.
2008 Apr 11 05:52:22  Sendmail not responding.
2008 Apr 11 07:04:28  Sendmail not responding.
2008 Apr 16 19:15:20  Sendmail not responding.
2008 Apr 17 07:25:29  Sendmail not responding.
2008 Apr 24 07:10:30  Sendmail not responding.
2008 Apr 26 22:48:17  Sendmail not responding.
2008 May 03 02:27:41  Sendmail not responding.
2008 May 09 21:17:33  Sendmail not responding.
2008 May 25 16:08:36  Sendmail not responding.
2008 May 26 06:53:43  Sendmail not responding.
2008 May 28 00:18:56  Sendmail not responding.
2008 May 29 15:34:51  Sendmail not responding.
2008 May 29 21:04:33  Sendmail not responding.
2008 May 30 08:41:00  Sendmail not responding.
2008 Jun 01 07:09:18  Sendmail not responding.
2008 Jun 02 14:04:04  Sendmail not responding.
2008 Jun 04 02:50:00  Sendmail not responding.
2008 Jun 19 09:41:03  Sendmail not responding.
2008 Jun 23 00:01:39  Sendmail not responding.
2008 Jun 26 15:15:35  Sendmail not responding.
2008 Jul 03 11:49:55  Sendmail not responding.
2008 Jul 06 19:27:48  Sendmail not responding.
2008 Jul 09 06:54:31  Sendmail not responding.
2008 Jul 09 12:19:10  Sendmail not responding.
2008 Jul 09 18:23:23  Sendmail not responding.
2008 Jul 11 12:21:51  Sendmail not responding.
2008 Jul 16 01:05:47  Sendmail not responding.
2008 Jul 16 10:49:24  Sendmail not responding.
2008 Jul 16 21:08:51  Sendmail not responding.
2008 Jul 16 22:49:01  Sendmail not responding.
2008 Jul 16 23:52:19  Sendmail not responding.
2008 Jul 17 21:18:09  Sendmail not responding.
2008 Jul 18 23:30:12  Sendmail not responding.
2008 Jul 19 01:09:43  Sendmail not responding.
2008 Jul 19 05:20:38  Sendmail not responding.
2008 Jul 19 11:33:04  Sendmail not responding.
2008 Jul 19 16:24:08  Sendmail not responding.
2008 Jul 20 02:57:01  Sendmail not responding.
2008 Jul 20 05:27:01  Sendmail not responding.
2008 Jul 20 06:59:19  Sendmail not responding.
2008 Jul 20 07:53:51  Sendmail not responding.
2008 Jul 20 08:32:27  Sendmail not responding.
2008 Jul 20 14:52:13  Sendmail not responding.
2008 Jul 20 21:59:11  Sendmail not responding.
2008 Jul 21 11:24:50  Sendmail not responding.
2008 Jul 22 02:19:47  Sendmail not responding.
2008 Jul 22 08:27:03  Sendmail not responding.
2008 Jul 22 09:16:49  Sendmail not responding.
2008 Jul 22 16:19:25  Sendmail not responding.
2008 Jul 23 04:44:04  Sendmail not responding.
2008 Jul 23 09:38:49  Sendmail not responding.
2008 Jul 24 02:43:15  Sendmail not responding.
2008 Jul 24 08:34:39  Sendmail not responding.
2008 Jul 24 10:48:01  Sendmail not responding.
2008 Jul 24 18:24:53  Sendmail not responding.
2008 Jul 25 05:29:48  Sendmail not responding.
2008 Jul 25 10:07:09  Sendmail not responding.
2008 Jul 25 14:02:12  Sendmail not responding.
2008 Jul 26 07:23:51  Sendmail not responding.
2008 Jul 27 04:17:40  Sendmail not responding.
2008 Jul 27 11:36:53  Sendmail not responding.
2008 Jul 28 04:34:31  Sendmail not responding.
2008 Jul 28 07:45:54  Sendmail not responding.
2008 Jul 29 02:37:59  Sendmail not responding.
2008 Jul 30 07:05:19  Result: 4
2008 Jul 30 07:05:19  Unable to access member status file. Message not sent.
2008 Jul 30 07:31:44  Result: 4
2008 Jul 30 07:31:44  Unable to access member status file. Message not sent.
2008 Aug 01 17:59:13  Result: 4
2008 Aug 01 17:59:13  Unable to access member status file. Message not sent.
2008 Aug 02 01:21:20  Sendmail not responding.
2008 Aug 02 17:22:44  Sendmail not responding.
2008 Aug 03 01:07:33  Sendmail not responding.
2008 Aug 03 11:31:52  Sendmail not responding.
2008 Aug 03 14:56:53  Sendmail not responding.
2008 Aug 04 03:20:31  Sendmail not responding.
2008 Aug 04 04:49:06  Sendmail not responding.
2008 Aug 04 07:59:44  Sendmail not responding.
2008 Aug 04 17:28:21  Sendmail not responding.
2008 Aug 04 20:03:29  Sendmail not responding.
2008 Aug 05 11:24:18  Sendmail not responding.
2008 Aug 06 13:56:08  Sendmail not responding.
2008 Aug 07 02:42:25  Sendmail not responding.
2008 Aug 09 22:38:41  Sendmail not responding.
2008 Aug 12 15:17:02  Sendmail not responding.
2008 Aug 18 13:59:34  Sendmail not responding.
2008 Aug 20 01:02:00  Sendmail not responding.
2008 Aug 22 01:55:31  Sendmail not responding.
2008 Aug 26 14:12:36  Sendmail not responding.
2008 Aug 30 19:50:07  Sendmail not responding.
2008 Aug 31 07:16:54  Sendmail not responding.
2008 Aug 31 18:01:49  Sendmail not responding.
2008 Sep 01 13:31:18  Sendmail not responding.
2008 Sep 03 21:32:52  Sendmail not responding.
2008 Sep 04 02:50:08  Sendmail not responding.
2008 Sep 04 02:51:37  Sendmail not responding.
2008 Sep 05 07:42:16  Sendmail not responding.
2008 Sep 05 07:42:22  Sendmail not responding.
2008 Sep 07 03:28:23  Sendmail not responding.
2008 Sep 19 15:52:43  Sendmail not responding.
2008 Sep 29 03:12:37  Sendmail not responding.
2008 Oct 03 03:13:31  Sendmail not responding.
2008 Oct 28 01:32:20  Result: 9
2008 Oct 28 01:32:20  From address not in member domain. Message not sent.
2008 Oct 28 04:13:54  Result: 9
2008 Oct 28 04:13:54  From address not in member domain. Message not sent.
2008 Oct 29 08:16:54  Result: 9
2008 Oct 29 08:16:54  From address not in member domain. Message not sent.
2008 Oct 29 20:25:21  Result: 9
2008 Oct 29 20:25:21  From address not in member domain. Message not sent.
2008 Oct 30 23:32:52  Result: 9
2008 Oct 30 23:32:52  From address not in member domain. Message not sent.
2008 Oct 31 00:06:42  Result: 9
2008 Oct 31 00:06:42  From address not in member domain. Message not sent.
2008 Oct 31 02:32:20  Result: 9
2008 Oct 31 02:32:20  From address not in member domain. Message not sent.
2008 Oct 31 02:39:18  Result: 9
2008 Oct 31 02:39:18  From address not in member domain. Message not sent.
2008 Nov 02 16:13:06  Result: 9
2008 Nov 02 16:13:06  From address not in member domain. Message not sent.
2008 Nov 02 18:11:38  Result: 9
2008 Nov 02 18:11:38  From address not in member domain. Message not sent.
2008 Nov 03 06:22:37  Result: 9
2008 Nov 03 06:22:37  From address not in member domain. Message not sent.
2008 Nov 06 07:47:45  Result: 9
2008 Nov 06 07:47:45  From address not in member domain. Message not sent.
2008 Nov 11 16:06:12  Result: 9
2008 Nov 11 16:06:12  From address not in member domain. Message not sent.
2008 Nov 23 19:05:36  Result: 9
2008 Nov 23 19:05:36  From address not in member domain. Message not sent.
2008 Nov 23 19:06:25  Result: 9
2008 Nov 23 19:06:25  From address not in member domain. Message not sent.
2008 Nov 23 21:23:40  Result: 9
2008 Nov 23 21:23:40  From address not in member domain. Message not sent.
2008 Dec 12 07:11:37  Sendmail not responding.
2008 Dec 12 07:12:02  Sendmail not responding.
2008 Dec 17 11:59:18  Result: 9
2008 Dec 17 11:59:18  From address not in member domain. Message not sent.
2008 Dec 22 19:11:46  Result: 9
2008 Dec 22 19:11:46  From address not in member domain. Message not sent.
2008 Dec 24 06:02:03  Result: 9
2008 Dec 24 06:02:03  From address not in member domain. Message not sent.
2008 Dec 26 21:33:49  Result: 9
2008 Dec 26 21:33:49  From address not in member domain. Message not sent.
2009 Jan 11 03:01:23  Result: 9
2009 Jan 11 03:01:23  From address not in member domain. Message not sent.
2009 Jan 11 19:27:36  Result: 9
2009 Jan 11 19:27:36  From address not in member domain. Message not sent.
2009 Jan 20 07:57:21  Result: 9
2009 Jan 20 07:57:21  From address not in member domain. Message not sent.
2009 Jan 20 19:42:13  Result: 9
2009 Jan 20 19:42:13  From address not in member domain. Message not sent.
2009 Jan 20 19:54:08  Result: 9
2009 Jan 20 19:54:08  From address not in member domain. Message not sent.
2009 Jan 22 00:37:09  Result: 9
2009 Jan 22 00:37:09  From address not in member domain. Message not sent.
2009 Jan 22 02:11:45  Result: 9
2009 Jan 22 02:11:45  From address not in member domain. Message not sent.
2009 Jan 23 09:36:58  Result: 9
2009 Jan 23 09:36:58  From address not in member domain. Message not sent.
2009 Jan 30 22:44:29  Result: 9
2009 Jan 30 22:44:29  From address not in member domain. Message not sent.
2009 Jan 31 22:39:25  Result: 9
2009 Jan 31 22:39:25  From address not in member domain. Message not sent.
2009 Feb 06 07:09:01  Result: 9
2009 Feb 06 07:09:01  From address not in member domain. Message not sent.
2009 Feb 11 09:41:12  Result: 9
2009 Feb 11 09:41:12  From address not in member domain. Message not sent.
2009 Feb 11 18:20:43  Result: 9
2009 Feb 11 18:20:43  From address not in member domain. Message not sent.
2009 Feb 11 21:10:31  Result: 9
2009 Feb 11 21:10:31  From address not in member domain. Message not sent.
2009 Feb 12 07:17:52  Result: 9
2009 Feb 12 07:17:52  From address not in member domain. Message not sent.
2009 Feb 12 12:24:23  Result: 9
2009 Feb 12 12:24:23  From address not in member domain. Message not sent.
2009 Feb 13 17:37:50  Result: 9
2009 Feb 13 17:37:51  From address not in member domain. Message not sent.
2009 Feb 16 06:52:41  Result: 9
2009 Feb 16 06:52:41  From address not in member domain. Message not sent.
2009 Feb 16 07:46:57  Result: 9
2009 Feb 16 07:46:57  From address not in member domain. Message not sent.
2009 Feb 16 09:19:33  Result: 9
2009 Feb 16 09:19:33  From address not in member domain. Message not sent.
2009 Feb 16 15:52:45  Result: 9
2009 Feb 16 15:52:45  From address not in member domain. Message not sent.
2009 Feb 16 16:40:18  Result: 9
2009 Feb 16 16:40:18  From address not in member domain. Message not sent.
2009 Feb 16 16:41:00  Result: 9
2009 Feb 16 16:41:00  From address not in member domain. Message not sent.
2009 Feb 16 18:14:42  Result: 9
2009 Feb 16 18:14:42  From address not in member domain. Message not sent.
2009 Feb 17 13:59:15  Result: 9
2009 Feb 17 13:59:15  From address not in member domain. Message not sent.
2009 Feb 17 18:14:08  Result: 9
2009 Feb 17 18:14:08  From address not in member domain. Message not sent.
2009 Feb 18 03:33:37  Result: 9
2009 Feb 18 03:33:37  From address not in member domain. Message not sent.
2009 Feb 18 16:18:03  Result: 9
2009 Feb 18 16:18:03  From address not in member domain. Message not sent.
2009 Feb 19 06:08:23  Result: 9
2009 Feb 19 06:08:23  From address not in member domain. Message not sent.
2009 Feb 19 06:54:59  Result: 9
2009 Feb 19 06:54:59  From address not in member domain. Message not sent.
2009 Feb 19 15:31:59  Result: 9
2009 Feb 19 15:31:59  From address not in member domain. Message not sent.
2009 Feb 19 19:44:03  Result: 9
2009 Feb 19 19:44:03  From address not in member domain. Message not sent.
2009 Feb 20 05:13:57  Result: 9
2009 Feb 20 05:13:57  From address not in member domain. Message not sent.
2009 Feb 20 06:06:11  Result: 9
2009 Feb 20 06:06:11  From address not in member domain. Message not sent.
2009 Feb 20 23:36:31  Result: 9
2009 Feb 20 23:36:31  From address not in member domain. Message not sent.
2009 Feb 21 20:35:58  Result: 9
2009 Feb 21 20:35:58  From address not in member domain. Message not sent.
2009 Feb 21 21:34:44  Result: 9
2009 Feb 21 21:34:44  From address not in member domain. Message not sent.
2009 Feb 24 20:26:57  Result: 9
2009 Feb 24 20:26:57  From address not in member domain. Message not sent.
2009 Feb 25 23:49:22  Result: 9
2009 Feb 25 23:49:22  From address not in member domain. Message not sent.
2009 Feb 26 21:11:17  Result: 9
2009 Feb 26 21:11:17  From address not in member domain. Message not sent.
2009 Mar 01 06:27:51  Result: 9
2009 Mar 01 06:27:51  From address not in member domain. Message not sent.
2009 Mar 02 01:37:48  Result: 9
2009 Mar 02 01:37:48  From address not in member domain. Message not sent.
2009 Mar 03 03:17:31  Result: 9
2009 Mar 03 03:17:31  From address not in member domain. Message not sent.
2009 Mar 04 17:02:02  Result: 9
2009 Mar 04 17:02:02  From address not in member domain. Message not sent.
2009 Mar 04 20:34:49  Result: 9
2009 Mar 04 20:34:49  From address not in member domain. Message not sent.
2009 Mar 07 04:45:42  Result: 9
2009 Mar 07 04:45:42  From address not in member domain. Message not sent.
2009 Mar 08 01:41:17  Result: 9
2009 Mar 08 01:41:17  From address not in member domain. Message not sent.
2009 Mar 09 19:54:31  Result: 9
2009 Mar 09 19:54:31  From address not in member domain. Message not sent.
2009 Mar 10 17:07:29  Result: 9
2009 Mar 10 17:07:29  From address not in member domain. Message not sent.
2009 Mar 11 01:31:38  Result: 9
2009 Mar 11 01:31:38  From address not in member domain. Message not sent.
2009 Mar 13 23:08:07  Result: 9
2009 Mar 13 23:08:07  From address not in member domain. Message not sent.
2009 Mar 15 01:35:04  Result: 9
2009 Mar 15 01:35:04  From address not in member domain. Message not sent.
2009 Mar 21 20:36:16  Result: 9
2009 Mar 21 20:36:16  From address not in member domain. Message not sent.
2009 Mar 25 19:19:19  Result: 9
2009 Mar 25 19:19:19  From address not in member domain. Message not sent.
2009 Mar 27 05:07:17  Result: 9
2009 Mar 27 05:07:17  From address not in member domain. Message not sent.
2009 Mar 31 16:48:36  Result: 9
2009 Mar 31 16:48:36  From address not in member domain. Message not sent.
2009 Mar 31 23:41:19  Result: 9
2009 Mar 31 23:41:19  From address not in member domain. Message not sent.
2009 Apr 04 02:37:21  Result: 9
2009 Apr 04 02:37:21  From address not in member domain. Message not sent.
2009 Apr 07 19:24:45  Result: 9
2009 Apr 07 19:24:45  From address not in member domain. Message not sent.
2009 Apr 08 03:59:19  Result: 9
2009 Apr 08 03:59:19  From address not in member domain. Message not sent.
2009 Apr 08 03:59:54  Result: 9
2009 Apr 08 03:59:54  From address not in member domain. Message not sent.
2009 Apr 08 04:00:48  Result: 9
2009 Apr 08 04:00:48  From address not in member domain. Message not sent.
2009 Apr 09 02:35:08  Result: 9
2009 Apr 09 02:35:08  From address not in member domain. Message not sent.
2009 Apr 09 03:24:06  Result: 9
2009 Apr 09 03:24:06  From address not in member domain. Message not sent.
2009 Apr 09 14:27:17  Result: 9
2009 Apr 09 14:27:17  From address not in member domain. Message not sent.
2009 Apr 13 23:13:17  Result: 9
2009 Apr 13 23:13:17  From address not in member domain. Message not sent.
2009 Apr 14 17:10:46  Result: 9
2009 Apr 14 17:10:46  From address not in member domain. Message not sent.
2009 Apr 14 18:50:17  Result: 9
2009 Apr 14 18:50:17  From address not in member domain. Message not sent.
2009 Apr 15 15:41:41  Result: 9
2009 Apr 15 15:41:41  From address not in member domain. Message not sent.
2009 Apr 15 15:43:19  Result: 9
2009 Apr 15 15:43:19  From address not in member domain. Message not sent.
2009 Apr 15 15:53:48  Result: 9
2009 Apr 15 15:53:48  From address not in member domain. Message not sent.
2009 Apr 15 16:12:16  Result: 9
2009 Apr 15 16:12:16  From address not in member domain. Message not sent.
2009 Apr 15 16:33:57  Result: 9
2009 Apr 15 16:33:57  From address not in member domain. Message not sent.
2009 Apr 15 17:25:21  Result: 9
2009 Apr 15 17:25:21  From address not in member domain. Message not sent.
2009 Apr 15 18:54:52  Result: 9
2009 Apr 15 18:54:52  From address not in member domain. Message not sent.
2009 Apr 15 18:54:52  Result: 9
2009 Apr 15 18:54:52  From address not in member domain. Message not sent.
2009 Apr 15 19:28:36  Result: 9
2009 Apr 15 19:28:36  From address not in member domain. Message not sent.
2009 Apr 15 19:44:37  Result: 9
2009 Apr 15 19:44:37  From address not in member domain. Message not sent.
2009 Apr 16 08:56:23  Result: 9
2009 Apr 16 08:56:23  From address not in member domain. Message not sent.
2009 Apr 16 19:46:16  Result: 9
2009 Apr 16 19:46:16  From address not in member domain. Message not sent.
2009 Apr 16 22:13:08  Result: 9
2009 Apr 16 22:13:08  From address not in member domain. Message not sent.
2009 Apr 17 01:25:23  Result: 9
2009 Apr 17 01:25:23  From address not in member domain. Message not sent.
2009 Apr 17 15:38:09  Result: 9
2009 Apr 17 15:38:09  From address not in member domain. Message not sent.
2009 Apr 17 16:39:25  Result: 9
2009 Apr 17 16:39:25  From address not in member domain. Message not sent.
2009 Apr 17 19:30:20  Result: 9
2009 Apr 17 19:30:20  From address not in member domain. Message not sent.
2009 Apr 17 21:01:25  Result: 9
2009 Apr 17 21:01:25  From address not in member domain. Message not sent.
2009 Apr 18 16:03:15  Result: 9
2009 Apr 18 16:03:15  From address not in member domain. Message not sent.
2009 Apr 19 01:11:46  Result: 9
2009 Apr 19 01:11:46  From address not in member domain. Message not sent.
2009 Apr 19 17:37:57  Result: 9
2009 Apr 19 17:37:57  From address not in member domain. Message not sent.
2009 Apr 19 20:13:03  Result: 9
2009 Apr 19 20:13:03  From address not in member domain. Message not sent.
2009 Apr 20 15:19:39  Result: 9
2009 Apr 20 15:19:39  From address not in member domain. Message not sent.
2009 Apr 20 16:48:44  Result: 9
2009 Apr 20 16:48:44  From address not in member domain. Message not sent.
2009 Apr 20 21:05:12  Result: 9
2009 Apr 20 21:05:12  From address not in member domain. Message not sent.
2009 Apr 20 21:35:39  Result: 9
2009 Apr 20 21:35:39  From address not in member domain. Message not sent.
2009 Apr 21 04:47:54  Result: 9
2009 Apr 21 04:47:54  From address not in member domain. Message not sent.
2009 Apr 21 21:12:34  Result: 9
2009 Apr 21 21:12:34  From address not in member domain. Message not sent.
2009 Apr 22 22:17:21  Result: 9
2009 Apr 22 22:17:21  From address not in member domain. Message not sent.
2009 Apr 22 23:38:23  Result: 9
2009 Apr 22 23:38:23  From address not in member domain. Message not sent.
2009 Apr 23 03:04:54  Result: 9
2009 Apr 23 03:04:54  From address not in member domain. Message not sent.
2009 Apr 24 03:33:01  Result: 9
2009 Apr 24 03:33:01  From address not in member domain. Message not sent.
2009 Apr 27 09:12:23  Result: 9
2009 Apr 27 09:12:23  From address not in member domain. Message not sent.
2009 Apr 28 19:59:44  Result: 9
2009 Apr 28 19:59:44  From address not in member domain. Message not sent.
2009 May 06 05:33:58  Result: 9
2009 May 06 05:33:58  From address not in member domain. Message not sent.
2009 May 09 08:43:56  Result: 9
2009 May 09 08:43:56  From address not in member domain. Message not sent.
2009 May 11 11:43:54  Result: 9
2009 May 11 11:43:54  From address not in member domain. Message not sent.
2009 May 15 14:35:46  Result: 9
2009 May 15 14:35:46  From address not in member domain. Message not sent.
2009 May 16 06:36:04  Result: 9
2009 May 16 06:36:04  From address not in member domain. Message not sent.
2009 May 19 18:43:23  Result: 9
2009 May 19 18:43:23  From address not in member domain. Message not sent.
2009 May 21 17:28:03  Result: 9
2009 May 21 17:28:03  From address not in member domain. Message not sent.
2009 May 26 17:20:38  Result: 9
2009 May 26 17:20:38  From address not in member domain. Message not sent.
2009 Jun 13 10:16:56  Result: 9
2009 Jun 13 10:16:56  From address not in member domain. Message not sent.
2009 Jun 17 12:14:44  Result: 9
2009 Jun 17 12:14:44  From address not in member domain. Message not sent.
2009 Jun 19 18:10:54  sendmail cannot access member status file: No such file or directory
2009 Jun 28 22:54:19  Result: 9
2009 Jun 28 22:54:19  From address not in member domain. Message not sent.
2009 Jun 30 03:36:27  Result: 9
2009 Jun 30 03:36:27  From address not in member domain. Message not sent.
2009 Jul 05 03:10:48  Result: 9
2009 Jul 05 03:10:48  From address not in member domain. Message not sent.
2009 Jul 15 02:38:28  Result: 9
2009 Jul 15 02:38:28  From address not in member domain. Message not sent.
2009 Jul 17 23:27:35  Result: 9
2009 Jul 17 23:27:35  From address not in member domain. Message not sent.
2009 Jul 20 04:19:08  Result: 9
2009 Jul 20 04:19:08  From address not in member domain. Message not sent.
2009 Aug 01 00:16:24  Result: 9
2009 Aug 01 00:16:24  From address not in member domain. Message not sent.
2009 Aug 07 12:29:11  Result: 9
2009 Aug 07 12:29:11  From address not in member domain. Message not sent.
2009 Aug 10 00:48:04  Result: 9
2009 Aug 10 00:48:04  From address not in member domain. Message not sent.
2009 Aug 22 21:55:42  Result: 9
2009 Aug 22 21:55:42  From address not in member domain. Message not sent.
2009 Aug 27 22:13:08  Result: 9
2009 Aug 27 22:13:08  From address not in member domain. Message not sent.
2009 Aug 29 15:37:48  Result: 9
2009 Aug 29 15:37:48  From address not in member domain. Message not sent.
2009 Aug 29 18:59:30  Result: 9
2009 Aug 29 18:59:30  From address not in member domain. Message not sent.
2009 Sep 02 17:44:37  Result: 9
2009 Sep 02 17:44:38  From address not in member domain. Message not sent.
2009 Sep 09 02:08:30  Result: 9
2009 Sep 09 02:08:30  From address not in member domain. Message not sent.
2009 Sep 13 19:39:06  Result: 9
2009 Sep 13 19:39:06  From address not in member domain. Message not sent.
2009 Sep 14 15:51:05  Result: 9
2009 Sep 14 15:51:05  From address not in member domain. Message not sent.
2009 Sep 18 09:31:52  Result: 9
2009 Sep 18 09:31:52  From address not in member domain. Message not sent.
2009 Sep 21 15:15:44  Result: 9
2009 Sep 21 15:15:44  From address not in member domain. Message not sent.
2009 Sep 21 15:49:58  Result: 9
2009 Sep 21 15:49:58  From address not in member domain. Message not sent.
2009 Sep 21 21:12:05  Result: 9
2009 Sep 21 21:12:05  From address not in member domain. Message not sent.
2009 Sep 21 21:20:06  Result: 9
2009 Sep 21 21:20:06  From address not in member domain. Message not sent.
2009 Sep 21 21:52:28  Result: 9
2009 Sep 21 21:52:28  From address not in member domain. Message not sent.
2009 Sep 22 00:12:12  Result: 9
2009 Sep 22 00:12:12  From address not in member domain. Message not sent.
2009 Sep 22 02:14:49  Result: 9
2009 Sep 22 02:14:49  From address not in member domain. Message not sent.
2009 Sep 22 04:10:36  Result: 9
2009 Sep 22 04:10:36  From address not in member domain. Message not sent.
2009 Sep 22 19:03:13  Result: 9
2009 Sep 22 19:03:13  From address not in member domain. Message not sent.
2009 Sep 22 19:33:51  Result: 9
2009 Sep 22 19:33:51  From address not in member domain. Message not sent.
2009 Sep 23 05:24:00  Result: 9
2009 Sep 23 05:24:00  From address not in member domain. Message not sent.
2009 Sep 23 20:43:35  Result: 9
2009 Sep 23 20:43:35  From address not in member domain. Message not sent.
2009 Sep 24 03:52:13  Result: 9
2009 Sep 24 03:52:13  From address not in member domain. Message not sent.
2009 Sep 24 05:36:59  Result: 9
2009 Sep 24 05:36:59  From address not in member domain. Message not sent.
2009 Sep 24 15:34:37  Result: 9
2009 Sep 24 15:34:37  From address not in member domain. Message not sent.
2009 Sep 24 21:23:10  Result: 9
2009 Sep 24 21:23:10  From address not in member domain. Message not sent.
2009 Sep 24 22:26:36  Result: 9
2009 Sep 24 22:26:36  From address not in member domain. Message not sent.
2009 Sep 25 00:01:20  Result: 9
2009 Sep 25 00:01:20  From address not in member domain. Message not sent.
2009 Sep 25 01:01:19  Result: 9
2009 Sep 25 01:01:19  From address not in member domain. Message not sent.
2009 Sep 25 14:10:13  Result: 9
2009 Sep 25 14:10:13  From address not in member domain. Message not sent.
2009 Sep 25 21:12:32  Result: 9
2009 Sep 25 21:12:32  From address not in member domain. Message not sent.
2009 Sep 26 00:01:44  Result: 9
2009 Sep 26 00:01:44  From address not in member domain. Message not sent.
2009 Sep 26 03:16:20  Result: 9
2009 Sep 26 03:16:20  From address not in member domain. Message not sent.
2009 Sep 27 03:17:56  Result: 9
2009 Sep 27 03:17:56  From address not in member domain. Message not sent.
2009 Sep 27 04:52:41  Result: 9
2009 Sep 27 04:52:41  From address not in member domain. Message not sent.
2009 Sep 27 15:48:35  Result: 9
2009 Sep 27 15:48:35  From address not in member domain. Message not sent.
2009 Sep 28 14:04:11  Result: 9
2009 Sep 28 14:04:11  From address not in member domain. Message not sent.
2009 Sep 28 17:46:25  Result: 9
2009 Sep 28 17:46:25  From address not in member domain. Message not sent.
2009 Sep 28 18:01:29  Result: 9
2009 Sep 28 18:01:29  From address not in member domain. Message not sent.
2009 Sep 29 00:05:59  Result: 9
2009 Sep 29 00:05:59  From address not in member domain. Message not sent.
2009 Sep 29 00:10:09  Sendmail not responding.
2009 Sep 29 15:17:07  Result: 9
2009 Sep 29 15:17:07  From address not in member domain. Message not sent.
2009 Sep 30 14:52:17  Result: 9
2009 Sep 30 14:52:17  From address not in member domain. Message not sent.
2009 Oct 01 05:04:02  Result: 9
2009 Oct 01 05:04:02  From address not in member domain. Message not sent.
2009 Oct 01 10:56:36  Result: 9
2009 Oct 01 10:56:36  From address not in member domain. Message not sent.
2009 Oct 01 13:56:00  Result: 9
2009 Oct 01 13:56:00  From address not in member domain. Message not sent.
2009 Oct 01 17:29:58  Result: 9
2009 Oct 01 17:29:58  From address not in member domain. Message not sent.
2009 Oct 01 17:36:03  Result: 9
2009 Oct 01 17:36:03  From address not in member domain. Message not sent.
2009 Oct 01 17:36:19  Result: 9
2009 Oct 01 17:36:19  From address not in member domain. Message not sent.
2009 Oct 01 17:38:53  Result: 9
2009 Oct 01 17:38:53  From address not in member domain. Message not sent.
2009 Oct 01 18:06:31  Result: 9
2009 Oct 01 18:06:31  From address not in member domain. Message not sent.
2009 Oct 01 18:11:48  Result: 9
2009 Oct 01 18:11:48  From address not in member domain. Message not sent.
2009 Oct 01 18:14:41  Result: 9
2009 Oct 01 18:14:41  From address not in member domain. Message not sent.
2009 Oct 01 18:28:36  Result: 9
2009 Oct 01 18:28:36  From address not in member domain. Message not sent.
2009 Oct 01 19:21:16  Result: 9
2009 Oct 01 19:21:16  From address not in member domain. Message not sent.
2009 Oct 01 19:27:51  Result: 9
2009 Oct 01 19:27:51  From address not in member domain. Message not sent.
2009 Oct 01 21:22:33  Result: 9
2009 Oct 01 21:22:33  From address not in member domain. Message not sent.
2009 Oct 01 22:42:02  Result: 9
2009 Oct 01 22:42:02  From address not in member domain. Message not sent.
2009 Oct 02 01:22:20  Result: 9
2009 Oct 02 01:22:20  From address not in member domain. Message not sent.
2009 Oct 02 02:12:30  Result: 9
2009 Oct 02 02:12:30  From address not in member domain. Message not sent.
2009 Oct 02 04:06:12  Result: 9
2009 Oct 02 04:06:12  From address not in member domain. Message not sent.
2009 Oct 02 04:36:11  Result: 9
2009 Oct 02 04:36:11  From address not in member domain. Message not sent.
2009 Oct 02 21:57:01  Result: 9
2009 Oct 02 21:57:01  From address not in member domain. Message not sent.
2009 Oct 03 00:51:38  Result: 9
2009 Oct 03 00:51:38  From address not in member domain. Message not sent.
2009 Oct 03 14:14:02  Result: 9
2009 Oct 03 14:14:02  From address not in member domain. Message not sent.
2009 Oct 03 21:47:51  Result: 9
2009 Oct 03 21:47:51  From address not in member domain. Message not sent.
2009 Oct 04 02:12:13  Result: 9
2009 Oct 04 02:12:13  From address not in member domain. Message not sent.
2009 Oct 04 17:38:21  Result: 9
2009 Oct 04 17:38:21  From address not in member domain. Message not sent.
2009 Oct 05 07:06:53  Result: 9
2009 Oct 05 07:06:53  From address not in member domain. Message not sent.
2009 Oct 06 00:31:47  Result: 9
2009 Oct 06 00:31:47  From address not in member domain. Message not sent.
2009 Oct 06 01:24:04  Result: 9
2009 Oct 06 01:24:04  From address not in member domain. Message not sent.
2009 Oct 06 03:17:07  Result: 9
2009 Oct 06 03:17:07  From address not in member domain. Message not sent.
2009 Oct 07 20:36:33  Result: 9
2009 Oct 07 20:36:33  From address not in member domain. Message not sent.
2009 Oct 08 01:46:39  Result: 9
2009 Oct 08 01:46:40  From address not in member domain. Message not sent.
2009 Oct 08 06:43:36  Result: 9
2009 Oct 08 06:43:36  From address not in member domain. Message not sent.
2009 Oct 08 17:21:41  Result: 9
2009 Oct 08 17:21:41  From address not in member domain. Message not sent.
2009 Oct 09 14:48:47  Result: 9
2009 Oct 09 14:48:47  From address not in member domain. Message not sent.
2009 Oct 09 19:08:45  Result: 9
2009 Oct 09 19:08:45  From address not in member domain. Message not sent.
2009 Oct 10 15:32:44  Result: 9
2009 Oct 10 15:32:44  From address not in member domain. Message not sent.
2009 Oct 10 21:38:38  Result: 9
2009 Oct 10 21:38:38  From address not in member domain. Message not sent.
2009 Oct 11 02:24:45  Result: 9
2009 Oct 11 02:24:45  From address not in member domain. Message not sent.
2009 Oct 11 16:57:22  Result: 9
2009 Oct 11 16:57:22  From address not in member domain. Message not sent.
2009 Oct 11 23:40:05  Result: 9
2009 Oct 11 23:40:05  From address not in member domain. Message not sent.
2009 Oct 12 01:46:05  Result: 9
2009 Oct 12 01:46:05  From address not in member domain. Message not sent.
2009 Oct 12 02:03:07  Result: 9
2009 Oct 12 02:03:07  From address not in member domain. Message not sent.
2009 Oct 12 03:40:03  Result: 9
2009 Oct 12 03:40:03  From address not in member domain. Message not sent.
2009 Oct 12 03:56:50  Result: 9
2009 Oct 12 03:56:50  From address not in member domain. Message not sent.
2009 Oct 12 18:16:24  Result: 9
2009 Oct 12 18:16:24  From address not in member domain. Message not sent.
2009 Oct 13 01:38:39  Result: 9
2009 Oct 13 01:38:39  From address not in member domain. Message not sent.
2009 Oct 13 05:34:29  Result: 9
2009 Oct 13 05:34:29  From address not in member domain. Message not sent.
2009 Oct 13 21:04:43  Result: 9
2009 Oct 13 21:04:43  From address not in member domain. Message not sent.
2009 Oct 14 02:42:25  Result: 9
2009 Oct 14 02:42:25  From address not in member domain. Message not sent.
2009 Oct 14 23:46:39  Result: 9
2009 Oct 14 23:46:39  From address not in member domain. Message not sent.
2009 Oct 15 05:19:51  Result: 9
2009 Oct 15 05:19:51  From address not in member domain. Message not sent.
2009 Oct 18 21:50:31  Result: 9
2009 Oct 18 21:50:31  From address not in member domain. Message not sent.
2009 Oct 19 00:56:56  Result: 9
2009 Oct 19 00:56:56  From address not in member domain. Message not sent.
2009 Oct 19 01:03:21  Result: 9
2009 Oct 19 01:03:21  From address not in member domain. Message not sent.
2009 Oct 19 17:50:33  Result: 9
2009 Oct 19 17:50:33  From address not in member domain. Message not sent.
2009 Oct 20 19:52:44  Result: 9
2009 Oct 20 19:52:44  From address not in member domain. Message not sent.
2009 Oct 21 07:54:18  Result: 9
2009 Oct 21 07:54:18  From address not in member domain. Message not sent.
2009 Oct 22 18:57:26  Result: 9
2009 Oct 22 18:57:26  From address not in member domain. Message not sent.
